cc -DPD -O2 -fPIC -funroll-loops -fomit-frame-pointer -Wall -W -Wshadow -Werror -Wno-unused -Wno-parentheses -Wno-switch  -o rtcmix~.o -c rtcmix~.c
rtcmix~.c: In function ‘rtcmix_tilde_new’:
rtcmix~.c:338:4: error: ‘t_rtcmix’ has no member named ‘m_editor’
rtcmix~.c:342:8: error: ‘t_rtcmix’ has no member named ‘s_name’
rtcmix~.c:344:3: error: ‘rw_flag’ undeclared (first use in this function)
rtcmix~.c:344:3: note: each undeclared identifier is reported only once for each function it appears in
rtcmix~.c:353:13: error: ‘t_rtcmix’ has no member named ‘x_ob’
rtcmix~.c: In function ‘rtcmix_free’:
rtcmix~.c:707:10: error: ‘i’ undeclared (first use in this function)
rtcmix~.c:709:9: error: too few arguments to function ‘binbuf_free’
m_pd.h:316:13: note: declared here
rtcmix~.c: In function ‘rtcmix_dogoscript’:
rtcmix~.c:1082:8: error: ‘i’ undeclared (first use in this function)
rtcmix~.c:1100:8: error: ‘t_rtcmix’ has no member named ‘rtcmix_script_len’
rtcmix~.c:1115:7: error: invalid use of undefined type ‘struct _binbuf’
rtcmix~.c:1115:19: error: dereferencing pointer to incomplete type
rtcmix~.c:1120:11: error: invalid use of undefined type ‘struct _binbuf’
rtcmix~.c:1120:11: error: invalid use of undefined type ‘struct _binbuf’
rtcmix~.c:1120:11: error: passing argument 1 of ‘sscanf’ from incompatible pointer type [-Werror]
/usr/include/stdio.h:454:12: note: expected ‘const char * __restrict__’ but argument is of type ‘struct _binbuf *’
rtcmix~.c: In function ‘rtcmix_writeas’:
rtcmix~.c:1262:12: error: ‘t_rtcmix’ has no member named ‘s_name’
rtcmix~.c:1265:19: error: ‘t_rtcmix’ has no member named ‘s_name’
rtcmix~.c:1266:44: error: ‘t_rtcmix’ has no member named ‘s_name’
rtcmix~.c: At top level:
rtcmix~.c:1323:13: error: conflicting types for ‘rtcmix_read’
rtcmix~.c:175:13: note: previous declaration of ‘rtcmix_read’ was here
rtcmix~.c: In function ‘rtcmix_read’:
rtcmix~.c:1330:20: error: ‘BINBUFREADFLAG’ undeclared (first use in this function)
rtcmix~.c:1343:24: error: incompatible types when assigning to type ‘t_symbol’ from type ‘struct t_symbol *’
rtcmix~.c:1356:77: error: expected expression before ‘int’
rtcmix~.c:1356:76: error: called object ‘"rtcmix~: the script number must be [0-19]. Setting to %d."’ is not a function
rtcmix~.c:1361:7: error: incompatible type for argument 2 of ‘rtcmix_callback’
rtcmix~.c:184:13: note: expected ‘struct t_symbol *’ but argument is of type ‘t_symbol’
rtcmix~.c: In function ‘rtcmix_save’:
rtcmix~.c:1369:16: error: ‘BINBUFWRITEFLAG’ undeclared (first use in this function)
rtcmix~.c: In function ‘rtcmix_callback’:
rtcmix~.c:1377:20: error: expected ‘;’ before ‘:’ token
rtcmix~.c:1379:40: error: ‘filename’ undeclared (first use in this function)
rtcmix~.c:1380:27: error: ‘buf’ undeclared (first use in this function)
rtcmix~.c:1385:19: error: expected ‘;’ before ‘:’ token
rtcmix~.c: At top level:
rtcmix~.c:175:13: error: ‘rtcmix_read’ used but never defined [-Werror]
rtcmix~.c:183:13: error: ‘rtcmix_restore’ used but never defined [-Werror]
cc1: all warnings being treated as errors
make: *** [rtcmix~.pd_linux] Error 1
